<?xml version="1.0" encoding="UTF-8"?>
<Site BuildName="(empty)"
	BuildStamp="20240122-1111-Experimental"
	Name="ubuntu"
	Generator="ctest-3.25.2"
	CompilerName="/usr/bin/g++"
	CompilerVersion="7.5.0"
	OSName="Linux"
	Hostname="ubuntu"
	OSRelease="5.4.0-150-generic"
	OSVersion="#167~18.04.1-Ubuntu SMP Wed May 24 00:51:42 UTC 2023"
	OSPlatform="x86_64"
	Is64Bits="1"
	VendorString="GenuineIntel"
	VendorID="Intel Corporation"
	FamilyID="6"
	ModelID="142"
	ProcessorCacheSize="6144"
	NumberOfLogicalCPU="4"
	NumberOfPhysicalCPU="4"
	TotalVirtualMemory="16383"
	TotalPhysicalMemory="8493"
	LogicalProcessorsPerPhysical="1"
	ProcessorClockFrequency="1800"
	>
	<Testing>
		<StartDateTime>Jan 22 19:11 CST</StartDateTime>
		<StartTestTime>1705921865</StartTestTime>
		<TestList/>
		<EndDateTime>Jan 22 19:11 CST</EndDateTime>
		<EndTestTime>1705921865</EndTestTime>
		<ElapsedMinutes>0</ElapsedMinutes>
	</Testing>
</Site>
